Connecting to database specified by database.yml
Connecting to database specified by database.yml
Connecting to database specified by database.yml
Connecting to database specified by database.yml
Connecting to database specified by database.yml
  [1m[36m (0.1ms)[0m  [1mselect sqlite_version(*)[0m
  [1m[35m (1.2ms)[0m  CREATE TABLE "schema_migrations" ("version" varchar(255) NOT NULL) 
  [1m[36m (0.0ms)[0m  [1mPRAGMA index_list("schema_migrations")[0m
  [1m[35m (0.8ms)[0m  CREATE UNIQUE INDEX "unique_schema_migrations" ON "schema_migrations" ("version")
  [1m[36m (0.1ms)[0m  [1mSELECT "schema_migrations"."version" FROM "schema_migrations" [0m
Migrating to CreateUsers (20121021110728)
  [1m[35m (0.0ms)[0m  begin transaction
  [1m[36m (0.3ms)[0m  [1mCREATE TABLE "users" ("id" INTEGER PRIMARY KEY AUTOINCREMENT NOT NULL, "username" varchar(255), "password" varchar(255), "email" varchar(255), "created_at" datetime NOT NULL, "updated_at" datetime NOT NULL) [0m
  [1m[35m (0.1ms)[0m  INSERT INTO "schema_migrations" ("version") VALUES ('20121021110728')
  [1m[36m (0.8ms)[0m  [1mcommit transaction[0m
Migrating to CreateProjects (20121021113158)
  [1m[35m (0.1ms)[0m  begin transaction
  [1m[36m (0.3ms)[0m  [1mCREATE TABLE "projects" ("id" INTEGER PRIMARY KEY AUTOINCREMENT NOT NULL, "name" varchar(255), "description" text, "created_at" datetime NOT NULL, "updated_at" datetime NOT NULL) [0m
  [1m[35m (0.1ms)[0m  INSERT INTO "schema_migrations" ("version") VALUES ('20121021113158')
  [1m[36m (0.6ms)[0m  [1mcommit transaction[0m
Migrating to CreateTeams (20121021113211)
  [1m[35m (0.0ms)[0m  begin transaction
  [1m[36m (0.3ms)[0m  [1mCREATE TABLE "teams" ("id" INTEGER PRIMARY KEY AUTOINCREMENT NOT NULL, "name" varchar(255), "created_at" datetime NOT NULL, "updated_at" datetime NOT NULL) [0m
  [1m[35m (0.1ms)[0m  INSERT INTO "schema_migrations" ("version") VALUES ('20121021113211')
  [1m[36m (1.0ms)[0m  [1mcommit transaction[0m
  [1m[35m (0.2ms)[0m  select sqlite_version(*)
  [1m[36m (0.1ms)[0m  [1mSELECT "schema_migrations"."version" FROM "schema_migrations" [0m
  [1m[35m (0.0ms)[0m  PRAGMA index_list("projects")
  [1m[36m (0.0ms)[0m  [1mPRAGMA index_list("teams")[0m
  [1m[35m (0.0ms)[0m  PRAGMA index_list("users")


Started GET "/assets/rails.png" for 127.0.0.1 at 2012-10-21 20:12:39 +0800
Connecting to database specified by database.yml
Served asset /rails.png - 200 OK (4ms)


Started GET "/users" for 127.0.0.1 at 2012-10-21 20:12:45 +0800

ActionController::RoutingError (No route matches [GET] "/users"):
  actionpack (3.2.8) lib/action_dispatch/middleware/debug_exceptions.rb:21:in `call'
  actionpack (3.2.8) lib/action_dispatch/middleware/show_exceptions.rb:56:in `call'
  railties (3.2.8) lib/rails/rack/logger.rb:26:in `call_app'
  railties (3.2.8) lib/rails/rack/logger.rb:16:in `call'
  actionpack (3.2.8) lib/action_dispatch/middleware/request_id.rb:22:in `call'
  rack (1.4.1) lib/rack/methodoverride.rb:21:in `call'
  rack (1.4.1) lib/rack/runtime.rb:17:in `call'
  activesupport (3.2.8) lib/active_support/cache/strategy/local_cache.rb:72:in `call'
  rack (1.4.1) lib/rack/lock.rb:15:in `call'
  actionpack (3.2.8) lib/action_dispatch/middleware/static.rb:62:in `call'
  railties (3.2.8) lib/rails/engine.rb:479:in `call'
  railties (3.2.8) lib/rails/application.rb:223:in `call'
  rack (1.4.1) lib/rack/content_length.rb:14:in `call'
  railties (3.2.8) lib/rails/rack/log_tailer.rb:17:in `call'
  rack (1.4.1) lib/rack/handler/webrick.rb:59:in `service'
  /Users/Cliff/.rvm/rubies/ruby-1.9.3-p194/lib/ruby/1.9.1/webrick/httpserver.rb:138:in `service'
  /Users/Cliff/.rvm/rubies/ruby-1.9.3-p194/lib/ruby/1.9.1/webrick/httpserver.rb:94:in `run'
  /Users/Cliff/.rvm/rubies/ruby-1.9.3-p194/lib/ruby/1.9.1/webrick/server.rb:191:in `block in start_thread'


  Rendered /Users/Cliff/.rvm/gems/ruby-1.9.3-p194/gems/actionpack-3.2.8/lib/action_dispatch/middleware/templates/rescues/routing_error.erb within rescues/layout (2.8ms)


Started GET "/user" for 127.0.0.1 at 2012-10-21 20:12:51 +0800

ActionController::RoutingError (No route matches [GET] "/user"):
  actionpack (3.2.8) lib/action_dispatch/middleware/debug_exceptions.rb:21:in `call'
  actionpack (3.2.8) lib/action_dispatch/middleware/show_exceptions.rb:56:in `call'
  railties (3.2.8) lib/rails/rack/logger.rb:26:in `call_app'
  railties (3.2.8) lib/rails/rack/logger.rb:16:in `call'
  actionpack (3.2.8) lib/action_dispatch/middleware/request_id.rb:22:in `call'
  rack (1.4.1) lib/rack/methodoverride.rb:21:in `call'
  rack (1.4.1) lib/rack/runtime.rb:17:in `call'
  activesupport (3.2.8) lib/active_support/cache/strategy/local_cache.rb:72:in `call'
  rack (1.4.1) lib/rack/lock.rb:15:in `call'
  actionpack (3.2.8) lib/action_dispatch/middleware/static.rb:62:in `call'
  railties (3.2.8) lib/rails/engine.rb:479:in `call'
  railties (3.2.8) lib/rails/application.rb:223:in `call'
  rack (1.4.1) lib/rack/content_length.rb:14:in `call'
  railties (3.2.8) lib/rails/rack/log_tailer.rb:17:in `call'
  rack (1.4.1) lib/rack/handler/webrick.rb:59:in `service'
  /Users/Cliff/.rvm/rubies/ruby-1.9.3-p194/lib/ruby/1.9.1/webrick/httpserver.rb:138:in `service'
  /Users/Cliff/.rvm/rubies/ruby-1.9.3-p194/lib/ruby/1.9.1/webrick/httpserver.rb:94:in `run'
  /Users/Cliff/.rvm/rubies/ruby-1.9.3-p194/lib/ruby/1.9.1/webrick/server.rb:191:in `block in start_thread'


  Rendered /Users/Cliff/.rvm/gems/ruby-1.9.3-p194/gems/actionpack-3.2.8/lib/action_dispatch/middleware/templates/rescues/routing_error.erb within rescues/layout (0.5ms)


Started GET "/users" for 127.0.0.1 at 2012-10-21 20:13:29 +0800

ActionController::RoutingError (No route matches [GET] "/users"):
  actionpack (3.2.8) lib/action_dispatch/middleware/debug_exceptions.rb:21:in `call'
  actionpack (3.2.8) lib/action_dispatch/middleware/show_exceptions.rb:56:in `call'
  railties (3.2.8) lib/rails/rack/logger.rb:26:in `call_app'
  railties (3.2.8) lib/rails/rack/logger.rb:16:in `call'
  actionpack (3.2.8) lib/action_dispatch/middleware/request_id.rb:22:in `call'
  rack (1.4.1) lib/rack/methodoverride.rb:21:in `call'
  rack (1.4.1) lib/rack/runtime.rb:17:in `call'
  activesupport (3.2.8) lib/active_support/cache/strategy/local_cache.rb:72:in `call'
  rack (1.4.1) lib/rack/lock.rb:15:in `call'
  actionpack (3.2.8) lib/action_dispatch/middleware/static.rb:62:in `call'
  railties (3.2.8) lib/rails/engine.rb:479:in `call'
  railties (3.2.8) lib/rails/application.rb:223:in `call'
  rack (1.4.1) lib/rack/content_length.rb:14:in `call'
  railties (3.2.8) lib/rails/rack/log_tailer.rb:17:in `call'
  rack (1.4.1) lib/rack/handler/webrick.rb:59:in `service'
  /Users/Cliff/.rvm/rubies/ruby-1.9.3-p194/lib/ruby/1.9.1/webrick/httpserver.rb:138:in `service'
  /Users/Cliff/.rvm/rubies/ruby-1.9.3-p194/lib/ruby/1.9.1/webrick/httpserver.rb:94:in `run'
  /Users/Cliff/.rvm/rubies/ruby-1.9.3-p194/lib/ruby/1.9.1/webrick/server.rb:191:in `block in start_thread'


  Rendered /Users/Cliff/.rvm/gems/ruby-1.9.3-p194/gems/actionpack-3.2.8/lib/action_dispatch/middleware/templates/rescues/routing_error.erb within rescues/layout (0.4ms)
Connecting to database specified by database.yml
Connecting to database specified by database.yml
  [1m[36m (0.2ms)[0m  [1mSELECT "schema_migrations"."version" FROM "schema_migrations" [0m
Migrating to CreateUsers (20121021110728)
Migrating to CreateProjects (20121021113158)
Migrating to CreateTeams (20121021113211)
Migrating to CreateComponents (20121021131907)
  [1m[35m (0.0ms)[0m  select sqlite_version(*)
  [1m[36m (0.0ms)[0m  [1mbegin transaction[0m
  [1m[35m (0.0ms)[0m  rollback transaction
